<?xml version="1.0" encoding="UTF-8"?>
<!-- Generated by org.testng.reporters.JUnitReportReporter -->
<testsuite hostname="LTIN230084" failures="0" tests="1" name="pack15.DataProviderDemo" time="11.415" errors="0" timestamp="2024-02-22T22:43:15 IST" skipped="0">
  <testcase classname="pack15.DataProviderDemo" name="testLogin" time="11.415"/>
  <system-out/>
</testsuite> <!-- pack15.DataProviderDemo -->
