<?xml version="1.0" encoding="UTF-8"?>
<!-- Generated by org.testng.reporters.JUnitReportReporter -->
<testsuite hostname="LTIN230084" failures="0" tests="3" name="pack13.MyFirst" time="0.025" errors="0" timestamp="2024-02-21T22:20:31 IST" skipped="0">
  <testcase classname="pack13.MyFirst" name="test1" time="0.021"/>
  <system-out/>
  <testcase classname="pack13.MyFirst" name="test2" time="0.002"/>
  <system-out/>
  <testcase classname="pack13.MyFirst" name="test3" time="0.002"/>
  <system-out/>
</testsuite> <!-- pack13.MyFirst -->
