<?xml version="1.0" encoding="UTF-8"?>
<!-- Generated by org.testng.reporters.JUnitReportReporter -->
<testsuite hostname="LTIN230084" failures="0" tests="6" name="pack15.Grouping" time="0.023" errors="0" timestamp="2024-02-22T11:50:26 IST" skipped="0">
  <testcase classname="pack15.Grouping" name="loginByEmail" time="0.014"/>
  <system-out/>
  <testcase classname="pack15.Grouping" name="loginByFacebook" time="0.002"/>
  <system-out/>
  <testcase classname="pack15.Grouping" name="loginBytwitter" time="0.002"/>
  <system-out/>
  <testcase classname="pack15.Grouping" name="signupbyemail" time="0.001"/>
  <system-out/>
  <testcase classname="pack15.Grouping" name="paymentinrupees" time="0.002"/>
  <system-out/>
  <testcase classname="pack15.Grouping" name="paymentindollar" time="0.002"/>
  <system-out/>
</testsuite> <!-- pack15.Grouping -->
