<?xml version="1.0" encoding="UTF-8"?>
<!-- Generated by org.testng.reporters.JUnitReportReporter -->
<testsuite hostname="LTIN230084" failures="0" tests="2" name="pack13.AllAnnotations" time="0.008" errors="0" timestamp="2024-02-21T23:02:34 IST" skipped="0">
  <testcase classname="pack13.AllAnnotations" name="tm1" time="0.006"/>
  <system-out/>
  <testcase classname="pack13.AllAnnotations" name="tm2" time="0.002"/>
  <system-out/>
</testsuite> <!-- pack13.AllAnnotations -->
