<?xml version="1.0" encoding="UTF-8"?>
<!-- Generated by org.testng.reporters.JUnitReportReporter -->
<testsuite hostname="LTIN230084" failures="0" tests="2" name="pack13.Annotations" time="0.009" errors="0" timestamp="2024-02-21T22:46:11 IST" skipped="0">
  <testcase classname="pack13.Annotations" name="AdvancedSearch" time="0.007"/>
  <system-out/>
  <testcase classname="pack13.Annotations" name="search" time="0.002"/>
  <system-out/>
</testsuite> <!-- pack13.Annotations -->
