<?xml version="1.0" encoding="UTF-8"?>
<!-- Generated by org.testng.reporters.JUnitReportReporter -->
<testsuite hostname="LTIN230084" failures="0" tests="20" name="pack16.InvoxcationCount" time="0.052" errors="0" timestamp="2024-02-22T23:34:45 IST" skipped="0">
  <testcase classname="pack16.InvoxcationCount" name="test" time="0.001"/>
  <system-out/>
  <testcase classname="pack16.InvoxcationCount" name="test" time="0.003"/>
  <system-out/>
  <testcase classname="pack16.InvoxcationCount" name="test" time="0.002"/>
  <system-out/>
  <testcase classname="pack16.InvoxcationCount" name="test" time="0.002"/>
  <system-out/>
  <testcase classname="pack16.InvoxcationCount" name="test" time="0.001"/>
  <system-out/>
  <testcase classname="pack16.InvoxcationCount" name="test" time="0.002"/>
  <system-out/>
  <testcase classname="pack16.InvoxcationCount" name="test" time="0.003"/>
  <system-out/>
  <testcase classname="pack16.InvoxcationCount" name="test" time="0.001"/>
  <system-out/>
  <testcase classname="pack16.InvoxcationCount" name="test" time="0.001"/>
  <system-out/>
  <testcase classname="pack16.InvoxcationCount" name="test" time="0.002"/>
  <system-out/>
  <testcase classname="pack16.InvoxcationCount" name="test" time="0.002"/>
  <system-out/>
  <testcase classname="pack16.InvoxcationCount" name="test" time="0.001"/>
  <system-out/>
  <testcase classname="pack16.InvoxcationCount" name="test" time="0.001"/>
  <system-out/>
  <testcase classname="pack16.InvoxcationCount" name="test" time="0.001"/>
  <system-out/>
  <testcase classname="pack16.InvoxcationCount" name="test" time="0.002"/>
  <system-out/>
  <testcase classname="pack16.InvoxcationCount" name="test" time="0.003"/>
  <system-out/>
  <testcase classname="pack16.InvoxcationCount" name="test" time="0.001"/>
  <system-out/>
  <testcase classname="pack16.InvoxcationCount" name="test" time="0.015"/>
  <system-out/>
  <testcase classname="pack16.InvoxcationCount" name="test" time="0.006"/>
  <system-out/>
  <testcase classname="pack16.InvoxcationCount" name="test" time="0.002"/>
  <system-out/>
</testsuite> <!-- pack16.InvoxcationCount -->
