<?xml version="1.0" encoding="UTF-8"?>
<!-- Generated by org.testng.reporters.JUnitReportReporter -->
<testsuite hostname="LTIN230084" failures="0" tests="1" name="pack1.OrangeHRNLoginTest" time="0.002" errors="0" timestamp="2024-02-21T11:21:44 IST" skipped="0">
  <testcase classname="pack1.OrangeHRNLoginTest" name="doSomething" time="0.002"/>
  <system-out/>
</testsuite> <!-- pack1.OrangeHRNLoginTest -->
